0 info it worked if it ends with ok
1 verbose cli [ '/home/erdi/software/node-dev-tools/node-v7.7.3-linux-x64/bin/node',
1 verbose cli   '/home/erdi/software/node-dev-tools/nodejs7.7.3/bin/npm',
1 verbose cli   'start' ]
2 info using npm@4.1.2
3 info using node@v7.7.3
4 verbose run-script [ 'prestart', 'start', 'poststart' ]
5 info lifecycle graphql-server@1.0.0~prestart: graphql-server@1.0.0
6 silly lifecycle graphql-server@1.0.0~prestart: no script for prestart, continuing
7 info lifecycle graphql-server@1.0.0~start: graphql-server@1.0.0
8 verbose lifecycle graphql-server@1.0.0~start: unsafe-perm in lifecycle true
9 verbose lifecycle graphql-server@1.0.0~start: PATH: /home/erdi/software/node-dev-tools/node-v7.7.3-linux-x64/lib/node_modules/npm/bin/node-gyp-bin:/home/erdi/Cockpit/tryout-01/graphql/node_modules/.bin:/home/erdi/bin:/home/erdi/.rbenv/plugins/ruby-build/bin:/home/erdi/.rbenv/shims:/home/erdi/.rbenv/bin:/home/erdi/bin:/home/erdi/.local/bin:/usr/local/sbin:/usr/local/bin:/usr/sbin:/usr/bin:/sbin:/bin:/usr/games:/usr/local/games:/snap/bin:/home/erdi/.rvm/bin:/home/erdi/Android/Sdk/tools:/home/erdi/Android/Sdk/platform-tools:/home/erdi/software/apache-ant-1.10.0/bin:/home/erdi/software/apache-maven-3.3.9/bin:/home/erdi/.rvm/bin:/home/erdi/software/node-dev-tools/nodejs7.7.3/bin:/home/erdi/.vimpkg/bin
10 verbose lifecycle graphql-server@1.0.0~start: CWD: /home/erdi/Cockpit/tryout-01/graphql
11 silly lifecycle graphql-server@1.0.0~start: Args: [ '-c', 'babel-node --presets es2015 index.js' ]
12 silly lifecycle graphql-server@1.0.0~start: Returned: code: 1  signal: null
13 info lifecycle graphql-server@1.0.0~start: Failed to exec start script
14 verbose stack Error: graphql-server@1.0.0 start: `babel-node --presets es2015 index.js`
14 verbose stack Exit status 1
14 verbose stack     at EventEmitter.<anonymous> (/home/erdi/software/node-dev-tools/node-v7.7.3-linux-x64/lib/node_modules/npm/lib/utils/lifecycle.js:279:16)
14 verbose stack     at emitTwo (events.js:106:13)
14 verbose stack     at EventEmitter.emit (events.js:194:7)
14 verbose stack     at ChildProcess.<anonymous> (/home/erdi/software/node-dev-tools/node-v7.7.3-linux-x64/lib/node_modules/npm/lib/utils/spawn.js:40:14)
14 verbose stack     at emitTwo (events.js:106:13)
14 verbose stack     at ChildProcess.emit (events.js:194:7)
14 verbose stack     at maybeClose (internal/child_process.js:899:16)
14 verbose stack     at Process.ChildProcess._handle.onexit (internal/child_process.js:226:5)
15 verbose pkgid graphql-server@1.0.0
16 verbose cwd /home/erdi/Cockpit/tryout-01/graphql
17 error Linux 4.8.0-41-generic
18 error argv "/home/erdi/software/node-dev-tools/node-v7.7.3-linux-x64/bin/node" "/home/erdi/software/node-dev-tools/nodejs7.7.3/bin/npm" "start"
19 error node v7.7.3
20 error npm  v4.1.2
21 error code ELIFECYCLE
22 error graphql-server@1.0.0 start: `babel-node --presets es2015 index.js`
22 error Exit status 1
23 error Failed at the graphql-server@1.0.0 start script 'babel-node --presets es2015 index.js'.
23 error Make sure you have the latest version of node.js and npm installed.
23 error If you do, this is most likely a problem with the graphql-server package,
23 error not with npm itself.
23 error Tell the author that this fails on your system:
23 error     babel-node --presets es2015 index.js
23 error You can get information on how to open an issue for this project with:
23 error     npm bugs graphql-server
23 error Or if that isn't available, you can get their info via:
23 error     npm owner ls graphql-server
23 error There is likely additional logging output above.
24 verbose exit [ 1, true ]
